<?xml version="1.0" encoding="UTF-8"?>
<!-- Generated by org.testng.reporters.JUnitXMLReporter -->
<testsuite ignored="0" hostname="Girjeshs-MacBook-Pro.local" failures="0" tests="2" name="Login Tests" time="0.053" errors="0" timestamp="2025-07-17T13:24:01 IST">
  <testcase classname="base.TestBase" name="@BeforeMethod setUp" time="-1.752738841121E9">
    <failure type="org.testng.TestNGException" message="
Parameter &amp;apos;browser&amp;apos; is required by BeforeMethod on method setUp but has not been marked @Optional or defined
in /Users/girjeshgupta/PersonalWorkspaces/JPBankAutomationSelenium/JPBank/testng.xml">
      <![CDATA[org.testng.TestNGException: 
Parameter 'browser' is required by BeforeMethod on method setUp but has not been marked @Optional or defined
in /Users/girjeshgupta/PersonalWorkspaces/JPBankAutomationSelenium/JPBank/testng.xml
at java.base/java.util.ArrayList.forEach(ArrayList.java:1511)
at java.base/java.util.concurrent.FutureTask.run(FutureTask.java:264)
at java.base/java.util.concurrent.ThreadPoolExecutor.runWorker(ThreadPoolExecutor.java:1136)
at java.base/java.util.concurrent.ThreadPoolExecutor$Worker.run(ThreadPoolExecutor.java:635)
at java.base/java.lang.Thread.run(Thread.java:840)
... Removed 19 stack frames]]>
    </failure>
  </testcase> <!-- @BeforeMethod setUp -->
  <testcase classname="base.TestBase" name="@AfterMethod tesrDown" time="-1.752738841135E9">
    <skipped/>
  </testcase> <!-- @AfterMethod tesrDown -->
  <testcase classname="base.TestBase" name="@BeforeMethod setUp" time="-1.752738841138E9">
    <skipped/>
  </testcase> <!-- @BeforeMethod setUp -->
  <testcase classname="base.TestBase" name="@AfterMethod tesrDown" time="-1.752738841144E9">
    <skipped/>
  </testcase> <!-- @AfterMethod tesrDown -->
  <testcase classname="tests.functional.LoginTests" name="testInvalidLogin" time="0.0">
    <skipped/>
  </testcase> <!-- testInvalidLogin -->
  <testcase classname="tests.functional.LoginTests" name="testSuccessfulLogin" time="0.0">
    <skipped/>
  </testcase> <!-- testSuccessfulLogin -->
</testsuite> <!-- Login Tests -->
